C:\USERS\PETER\DOCUMENTS\MY DROPBOX\VISUAL STUDIO\NISTL\DEBUG\NISTEREOLITHOGRAPHY.EXE
C:\USERS\PETER\DOCUMENTS\MY DROPBOX\VISUAL STUDIO\NISTL\DEBUG\NISTEREOLITHOGRAPHY.ILK
C:\USERS\PETER\DOCUMENTS\MY DROPBOX\VISUAL STUDIO\NISTL\DEBUG\NISTEREOLITHOGRAPHY.PDB
C:\Users\Peter\Documents\My Dropbox\Visual Studio\NISTL\NISTL\Debug\cl.command.1.tlog
C:\Users\Peter\Documents\My Dropbox\Visual Studio\NISTL\NISTL\Debug\CL.read.1.tlog
C:\Users\Peter\Documents\My Dropbox\Visual Studio\NISTL\NISTL\Debug\CL.write.1.tlog
C:\Users\Peter\Documents\My Dropbox\Visual Studio\NISTL\NISTL\Debug\link.6548.read.1.tlog
C:\Users\Peter\Documents\My Dropbox\Visual Studio\NISTL\NISTL\Debug\link.6548.write.1.tlog
C:\Users\Peter\Documents\My Dropbox\Visual Studio\NISTL\NISTL\Debug\link.6548-cvtres.read.1.tlog
C:\Users\Peter\Documents\My Dropbox\Visual Studio\NISTL\NISTL\Debug\link.6548-cvtres.write.1.tlog
C:\Users\Peter\Documents\My Dropbox\Visual Studio\NISTL\NISTL\Debug\link.command.1.tlog
C:\Users\Peter\Documents\My Dropbox\Visual Studio\NISTL\NISTL\Debug\link.read.1.tlog
C:\Users\Peter\Documents\My Dropbox\Visual Studio\NISTL\NISTL\Debug\link.write.1.tlog
C:\Users\Peter\Documents\My Dropbox\Visual Studio\NISTL\NISTL\Debug\link-cvtres.read.1.tlog
C:\Users\Peter\Documents\My Dropbox\Visual Studio\NISTL\NISTL\Debug\link-cvtres.write.1.tlog
C:\Users\Peter\Documents\My Dropbox\Visual Studio\NISTL\NISTL\Debug\mt.command.1.tlog
C:\Users\Peter\Documents\My Dropbox\Visual Studio\NISTL\NISTL\Debug\mt.read.1.tlog
C:\Users\Peter\Documents\My Dropbox\Visual Studio\NISTL\NISTL\Debug\mt.write.1.tlog
C:\USERS\PETER\DOCUMENTS\MY DROPBOX\VISUAL STUDIO\NISTL\NISTL\DEBUG\NISTEREOLITHOGRAPHY.EXE.EMBED.MANIFEST
C:\USERS\PETER\DOCUMENTS\MY DROPBOX\VISUAL STUDIO\NISTL\NISTL\DEBUG\NISTEREOLITHOGRAPHY.EXE.EMBED.MANIFEST.RES
C:\USERS\PETER\DOCUMENTS\MY DROPBOX\VISUAL STUDIO\NISTL\NISTL\DEBUG\NISTEREOLITHOGRAPHY.EXE.INTERMEDIATE.MANIFEST
C:\USERS\PETER\DOCUMENTS\MY DROPBOX\VISUAL STUDIO\NISTL\NISTL\DEBUG\NISTEREOLITHOGRAPHY.OBJ
C:\USERS\PETER\DOCUMENTS\MY DROPBOX\VISUAL STUDIO\NISTL\NISTL\DEBUG\NISTEREOLITHOGRAPHY.PCH
C:\Users\Peter\Documents\My Dropbox\Visual Studio\NISTL\NISTL\Debug\NIStereolithography_manifest.rc
C:\Users\Peter\Documents\My Dropbox\Visual Studio\NISTL\NISTL\Debug\rc.command.1.tlog
C:\Users\Peter\Documents\My Dropbox\Visual Studio\NISTL\NISTL\Debug\rc.read.1.tlog
C:\Users\Peter\Documents\My Dropbox\Visual Studio\NISTL\NISTL\Debug\rc.write.1.tlog
C:\USERS\PETER\DOCUMENTS\MY DROPBOX\VISUAL STUDIO\NISTL\NISTL\DEBUG\STDAFX.OBJ
C:\Users\Peter\Documents\My Dropbox\Visual Studio\NISTL\NISTL\Debug\vc100.idb
C:\USERS\PETER\DOCUMENTS\MY DROPBOX\VISUAL STUDIO\NISTL\NISTL\DEBUG\VC100.PDB
