Build started 7/27/2011 12:50:40 AM.
     1>Project "C:\Users\Peter\Documents\My Dropbox\Visual Studio\NISTL\NISTL\NISTL.vcxproj" on node 2 (rebuild target(s)).
     1>_PrepareForClean:
         Deleting file "Debug\NIStereolithography.lastbuildstate".
       InitializeBuildStatus:
         Creating "Debug\NIStereolithography.unsuccessfulbuild" because "AlwaysCreate" was specified.
       ClCompile:
         C:\Program Files (x86)\Microsoft Visual Studio 10.0\VC\bin\CL.exe /c /I"C:\Program Files (x86)\OpenNI\Include" /ZI /nologo /W3 /WX- /Od /Oy- /D WIN32 /D _DEBUG /D _CONSOLE /D _UNICODE /D UNICODE /Gm /EHsc /RTC1 /MDd /GS /fp:precise /Zc:wchar_t /Zc:forScope /Yc"StdAfx.h" /Fp"Debug\NIStereolithography.pch" /Fo"Debug\\" /Fd"Debug\vc100.pdb" /Gd /TP /analyze- /errorReport:prompt stdafx.cpp
         stdafx.cpp
         C:\Program Files (x86)\Microsoft Visual Studio 10.0\VC\bin\CL.exe /c /I"C:\Program Files (x86)\OpenNI\Include" /ZI /nologo /W3 /WX- /Od /Oy- /D WIN32 /D _DEBUG /D _CONSOLE /D _UNICODE /D UNICODE /Gm /EHsc /RTC1 /MDd /GS /fp:precise /Zc:wchar_t /Zc:forScope /Yu"StdAfx.h" /Fp"Debug\NIStereolithography.pch" /Fo"Debug\\" /Fd"Debug\vc100.pdb" /Gd /TP /analyze- /errorReport:prompt NiStereolithography.cpp
         NiStereolithography.cpp
       ManifestResourceCompile:
         C:\Program Files (x86)\Microsoft SDKs\Windows\v7.0A\bin\rc.exe /nologo /fo"Debug\NIStereolithography.exe.embed.manifest.res" Debug\NIStereolithography_manifest.rc 
       Link:
         C:\Program Files (x86)\Microsoft Visual Studio 10.0\VC\bin\link.exe /ERRORREPORT:PROMPT /OUT:"C:\Users\Peter\Documents\My Dropbox\Visual Studio\NISTL\Debug\NIStereolithography.exe" /INCREMENTAL /NOLOGO /LIBPATH:"C:\Program Files (x86)\OpenNI\Lib" OpenNI.lib kernel32.lib user32.lib gdi32.lib winspool.lib comdlg32.lib advapi32.lib shell32.lib ole32.lib oleaut32.lib uuid.lib odbc32.lib odbccp32.lib /MANIFEST /ManifestFile:"Debug\NIStereolithography.exe.intermediate.manifest" /MANIFESTUAC:"level='asInvoker' uiAccess='false'" /DEBUG /PDB:"C:\Users\Peter\Documents\My Dropbox\Visual Studio\NISTL\Debug\NIStereolithography.pdb" /SUBSYSTEM:CONSOLE /TLBID:1 /DYNAMICBASE /NXCOMPAT /IMPLIB:"C:\Users\Peter\Documents\My Dropbox\Visual Studio\NISTL\Debug\NIStereolithography.lib" /MACHINE:X86 Debug\NIStereolithography.exe.embed.manifest.res
         Debug\NiStereolithography.obj
         Debug\stdafx.obj
       Manifest:
         Deleting file "Debug\NIStereolithography.exe.embed.manifest".
         C:\Program Files (x86)\Microsoft SDKs\Windows\v7.0A\bin\mt.exe /nologo /verbose /out:"Debug\NIStereolithography.exe.embed.manifest" /manifest Debug\NIStereolithography.exe.intermediate.manifest
         C:\Program Files (x86)\Microsoft SDKs\Windows\v7.0A\bin\rc.exe /nologo /fo"Debug\NIStereolithography.exe.embed.manifest.res" Debug\NIStereolithography_manifest.rc 
       LinkEmbedManifest:
         C:\Program Files (x86)\Microsoft Visual Studio 10.0\VC\bin\link.exe /ERRORREPORT:PROMPT /OUT:"C:\Users\Peter\Documents\My Dropbox\Visual Studio\NISTL\Debug\NIStereolithography.exe" /INCREMENTAL /NOLOGO /LIBPATH:"C:\Program Files (x86)\OpenNI\Lib" OpenNI.lib kernel32.lib user32.lib gdi32.lib winspool.lib comdlg32.lib advapi32.lib shell32.lib ole32.lib oleaut32.lib uuid.lib odbc32.lib odbccp32.lib /MANIFEST /ManifestFile:"Debug\NIStereolithography.exe.intermediate.manifest" /MANIFESTUAC:"level='asInvoker' uiAccess='false'" /DEBUG /PDB:"C:\Users\Peter\Documents\My Dropbox\Visual Studio\NISTL\Debug\NIStereolithography.pdb" /SUBSYSTEM:CONSOLE /TLBID:1 /DYNAMICBASE /NXCOMPAT /IMPLIB:"C:\Users\Peter\Documents\My Dropbox\Visual Studio\NISTL\Debug\NIStereolithography.lib" /MACHINE:X86 Debug\NIStereolithography.exe.embed.manifest.res
         Debug\NiStereolithography.obj
         Debug\stdafx.obj
         NISTL.vcxproj -> C:\Users\Peter\Documents\My Dropbox\Visual Studio\NISTL\Debug\NIStereolithography.exe
       FinalizeBuildStatus:
         Deleting file "Debug\NIStereolithography.unsuccessfulbuild".
         Touching "Debug\NIStereolithography.lastbuildstate".
     1>Done Building Project "C:\Users\Peter\Documents\My Dropbox\Visual Studio\NISTL\NISTL\NISTL.vcxproj" (rebuild target(s)).

Build succeeded.

Time Elapsed 00:00:01.69
